
 /----------------------------------------------------------------------------\
 |                                                                            |
 |  yosys -- Yosys Open SYnthesis Suite                                       |
 |                                                                            |
 |  Copyright (C) 2012 - 2020  Claire Wolf <claire@symbioticeda.com>          |
 |                                                                            |
 |  Permission to use, copy, modify, and/or distribute this software for any  |
 |  purpose with or without fee is hereby granted, provided that the above    |
 |  copyright notice and this permission notice appear in all copies.         |
 |                                                                            |
 |  THE SOFTWARE IS PROVIDED "AS IS" AND THE AUTHOR DISCLAIMS ALL WARRANTIES  |
 |  WITH REGARD TO THIS SOFTWARE INCLUDING ALL IMPLIED WARRANTIES OF          |
 |  MERCHANTABILITY AND FITNESS. IN NO EVENT SHALL THE AUTHOR BE LIABLE FOR   |
 |  ANY SPECIAL, DIRECT, INDIRECT, OR CONSEQUENTIAL DAMAGES OR ANY DAMAGES    |
 |  WHATSOEVER RESULTING FROM LOSS OF USE, DATA OR PROFITS, WHETHER IN AN     |
 |  ACTION OF CONTRACT, NEGLIGENCE OR OTHER TORTIOUS ACTION, ARISING OUT OF   |
 |  OR IN CONNECTION WITH THE USE OR PERFORMANCE OF THIS SOFTWARE.            |
 |                                                                            |
 \----------------------------------------------------------------------------/

 Yosys 0.9+3981 (git sha1 0e0f8429, gcc 9.3.0-17ubuntu1~20.04 -fPIC -Os)


-- Executing script file `../model/design.ys' --

1. Executing Verilog-2005 frontend: ferryman.sv
Parsing formal SystemVerilog input from `ferryman.sv' to AST representation.
Storing AST representation for module `$abstract\ferryman'.
Successfully finished Verilog frontend.

2. Executing PREP pass.

2.1. Executing HIERARCHY pass (managing design hierarchy).

2.2. Executing AST frontend in derive mode using pre-parsed AST for module `\ferryman'.
Generating RTLIL representation for module `\ferryman'.

2.2.1. Analyzing design hierarchy..
Top module:  \ferryman

2.2.2. Analyzing design hierarchy..
Top module:  \ferryman
Removing unused module `$abstract\ferryman'.
Removed 1 unused modules.
Module ferryman directly or indirectly contains formal properties -> setting "keep" attribute.

2.3. Executing PROC pass (convert processes to netlists).

2.3.1. Executing PROC_CLEAN pass (remove empty switches from decision trees).
Cleaned up 0 empty switches.

2.3.2. Executing PROC_RMDEAD pass (remove dead branches from decision trees).
Removed a total of 0 dead cases.

2.3.3. Executing PROC_PRUNE pass (remove redundant assignments in processes).
Removed 0 redundant assignments.
Promoted 13 assignments to connections.

2.3.4. Executing PROC_INIT pass (extract init attributes).
Found init rule in `\ferryman.$proc$ferryman.sv:0$47'.
  Set init value: $formal$ferryman.sv:26$4_EN = 1'0
Found init rule in `\ferryman.$proc$ferryman.sv:0$45'.
  Set init value: $formal$ferryman.sv:24$3_EN = 1'0
Found init rule in `\ferryman.$proc$ferryman.sv:0$43'.
  Set init value: $formal$ferryman.sv:20$2_EN = 1'0
Found init rule in `\ferryman.$proc$ferryman.sv:0$41'.
  Set init value: $formal$ferryman.sv:10$1_EN = 1'0
Found init rule in `\ferryman.$proc$ferryman.sv:8$40'.
  Set init value: \bank_m = 1'0
Found init rule in `\ferryman.$proc$ferryman.sv:7$39'.
  Set init value: \bank_c = 1'0
Found init rule in `\ferryman.$proc$ferryman.sv:6$38'.
  Set init value: \bank_g = 1'0
Found init rule in `\ferryman.$proc$ferryman.sv:5$37'.
  Set init value: \bank_w = 1'0

2.3.5. Executing PROC_ARST pass (detect async resets in processes).

2.3.6. Executing PROC_MUX pass (convert decision trees to multiplexers).
Creating decoders for process `\ferryman.$proc$ferryman.sv:0$47'.
Creating decoders for process `\ferryman.$proc$ferryman.sv:0$45'.
Creating decoders for process `\ferryman.$proc$ferryman.sv:0$43'.
Creating decoders for process `\ferryman.$proc$ferryman.sv:0$41'.
Creating decoders for process `\ferryman.$proc$ferryman.sv:8$40'.
Creating decoders for process `\ferryman.$proc$ferryman.sv:7$39'.
Creating decoders for process `\ferryman.$proc$ferryman.sv:6$38'.
Creating decoders for process `\ferryman.$proc$ferryman.sv:5$37'.
Creating decoders for process `\ferryman.$proc$ferryman.sv:10$5'.
     1/7: $0$formal$ferryman.sv:20$2_EN[0:0]$9
     2/7: $0$formal$ferryman.sv:20$2_CHECK[0:0]$8
     3/7: $0$formal$ferryman.sv:24$3_EN[0:0]$11
     4/7: $0$formal$ferryman.sv:24$3_CHECK[0:0]$10
     5/7: $0\bank_c[0:0]
     6/7: $0\bank_g[0:0]
     7/7: $0\bank_w[0:0]

2.3.7. Executing PROC_DLATCH pass (convert process syncs to latches).

2.3.8. Executing PROC_DFF pass (convert process syncs to FFs).
Creating register for signal `\ferryman.\bank_w' using process `\ferryman.$proc$ferryman.sv:10$5'.
  created $dff cell `$procdff$63' with positive edge clock.
Creating register for signal `\ferryman.\bank_g' using process `\ferryman.$proc$ferryman.sv:10$5'.
  created $dff cell `$procdff$64' with positive edge clock.
Creating register for signal `\ferryman.\bank_c' using process `\ferryman.$proc$ferryman.sv:10$5'.
  created $dff cell `$procdff$65' with positive edge clock.
Creating register for signal `\ferryman.\bank_m' using process `\ferryman.$proc$ferryman.sv:10$5'.
  created $dff cell `$procdff$66' with positive edge clock.
Creating register for signal `\ferryman.$formal$ferryman.sv:10$1_CHECK' using process `\ferryman.$proc$ferryman.sv:10$5'.
  created $dff cell `$procdff$67' with positive edge clock.
Creating register for signal `\ferryman.$formal$ferryman.sv:10$1_EN' using process `\ferryman.$proc$ferryman.sv:10$5'.
  created $dff cell `$procdff$68' with positive edge clock.
Creating register for signal `\ferryman.$formal$ferryman.sv:20$2_CHECK' using process `\ferryman.$proc$ferryman.sv:10$5'.
  created $dff cell `$procdff$69' with positive edge clock.
Creating register for signal `\ferryman.$formal$ferryman.sv:20$2_EN' using process `\ferryman.$proc$ferryman.sv:10$5'.
  created $dff cell `$procdff$70' with positive edge clock.
Creating register for signal `\ferryman.$formal$ferryman.sv:24$3_CHECK' using process `\ferryman.$proc$ferryman.sv:10$5'.
  created $dff cell `$procdff$71' with positive edge clock.
Creating register for signal `\ferryman.$formal$ferryman.sv:24$3_EN' using process `\ferryman.$proc$ferryman.sv:10$5'.
  created $dff cell `$procdff$72' with positive edge clock.
Creating register for signal `\ferryman.$formal$ferryman.sv:26$4_CHECK' using process `\ferryman.$proc$ferryman.sv:10$5'.
  created $dff cell `$procdff$73' with positive edge clock.
Creating register for signal `\ferryman.$formal$ferryman.sv:26$4_EN' using process `\ferryman.$proc$ferryman.sv:10$5'.
  created $dff cell `$procdff$74' with positive edge clock.

2.3.9. Executing PROC_CLEAN pass (remove empty switches from decision trees).
Removing empty process `ferryman.$proc$ferryman.sv:0$47'.
Removing empty process `ferryman.$proc$ferryman.sv:0$45'.
Removing empty process `ferryman.$proc$ferryman.sv:0$43'.
Removing empty process `ferryman.$proc$ferryman.sv:0$41'.
Removing empty process `ferryman.$proc$ferryman.sv:8$40'.
Removing empty process `ferryman.$proc$ferryman.sv:7$39'.
Removing empty process `ferryman.$proc$ferryman.sv:6$38'.
Removing empty process `ferryman.$proc$ferryman.sv:5$37'.
Found and cleaned up 5 empty switches in `\ferryman.$proc$ferryman.sv:10$5'.
Removing empty process `ferryman.$proc$ferryman.sv:10$5'.
Cleaned up 5 empty switches.

2.4. Executing OPT_EXPR pass (perform const folding).
Optimizing module ferryman.

2.5. Executing OPT_CLEAN pass (remove unused cells and wires).
Finding unused cells or wires in module \ferryman..
Removed 0 unused cells and 27 unused wires.
<suppressed ~1 debug messages>

2.6. Executing CHECK pass (checking for obvious problems).
Checking module ferryman...
Found and reported 0 problems.

2.7. Executing OPT pass (performing simple optimizations).

2.7.1. Executing OPT_EXPR pass (perform const folding).
Optimizing module ferryman.

2.7.2. Executing OPT_MERGE pass (detect identical cells).
Finding identical cells in module `\ferryman'.
<suppressed ~12 debug messages>
Removed a total of 4 cells.

2.7.3. Executing OPT_MUXTREE pass (detect dead branches in mux trees).
Running muxtree optimizer on module \ferryman..
  Creating internal representation of mux trees.
  Evaluating internal representation of mux trees.
  Analyzing evaluation results.
Removed 0 multiplexer ports.
<suppressed ~7 debug messages>

2.7.4. Executing OPT_REDUCE pass (consolidate $*mux and $reduce_* inputs).
  Optimizing cells in module \ferryman.
Performed a total of 0 changes.

2.7.5. Executing OPT_MERGE pass (detect identical cells).
Finding identical cells in module `\ferryman'.
Removed a total of 0 cells.

2.7.6. Executing OPT_CLEAN pass (remove unused cells and wires).
Finding unused cells or wires in module \ferryman..
Removed 0 unused cells and 4 unused wires.
<suppressed ~1 debug messages>

2.7.7. Executing OPT_EXPR pass (perform const folding).
Optimizing module ferryman.

2.7.8. Rerunning OPT passes. (Maybe there is more to do..)

2.7.9. Executing OPT_MUXTREE pass (detect dead branches in mux trees).
Running muxtree optimizer on module \ferryman..
  Creating internal representation of mux trees.
  Evaluating internal representation of mux trees.
  Analyzing evaluation results.
Removed 0 multiplexer ports.
<suppressed ~7 debug messages>

2.7.10. Executing OPT_REDUCE pass (consolidate $*mux and $reduce_* inputs).
  Optimizing cells in module \ferryman.
Performed a total of 0 changes.

2.7.11. Executing OPT_MERGE pass (detect identical cells).
Finding identical cells in module `\ferryman'.
Removed a total of 0 cells.

2.7.12. Executing OPT_CLEAN pass (remove unused cells and wires).
Finding unused cells or wires in module \ferryman..

2.7.13. Executing OPT_EXPR pass (perform const folding).
Optimizing module ferryman.

2.7.14. Finished OPT passes. (There is nothing left to do.)

2.8. Executing WREDUCE pass (reducing word size of cells).
Removed top 30 bits (of 32) from port Y of cell ferryman.$add$ferryman.sv:12$14 ($add).
Removed top 30 bits (of 32) from port A of cell ferryman.$add$ferryman.sv:12$15 ($add).
Removed top 29 bits (of 32) from port Y of cell ferryman.$add$ferryman.sv:12$15 ($add).
Removed top 29 bits (of 32) from port A of cell ferryman.$le$ferryman.sv:12$16 ($le).
Removed top 31 bits (of 32) from port B of cell ferryman.$le$ferryman.sv:12$16 ($le).
Removed top 30 bits (of 32) from wire ferryman.$add$ferryman.sv:12$14_Y.
Removed top 29 bits (of 32) from wire ferryman.$add$ferryman.sv:12$15_Y.

2.9. Executing MEMORY_DFF pass (merging $dff cells to $memrd and $memwr).

2.10. Executing OPT_CLEAN pass (remove unused cells and wires).
Finding unused cells or wires in module \ferryman..
Removed 0 unused cells and 2 unused wires.
<suppressed ~1 debug messages>

2.11. Executing MEMORY_COLLECT pass (generating $mem cells).

2.12. Executing OPT pass (performing simple optimizations).

2.12.1. Executing OPT_EXPR pass (perform const folding).
Optimizing module ferryman.

2.12.2. Executing OPT_MERGE pass (detect identical cells).
Finding identical cells in module `\ferryman'.
Removed a total of 0 cells.

2.12.3. Executing OPT_CLEAN pass (remove unused cells and wires).
Finding unused cells or wires in module \ferryman..

2.12.4. Finished fast OPT passes.

2.13. Printing statistics.

=== ferryman ===

   Number of wires:                 38
   Number of wire bits:             41
   Number of public wires:           8
   Number of public wire bits:       8
   Number of memories:               0
   Number of memory bits:            0
   Number of processes:              0
   Number of cells:                 38
     $add                            2
     $assume                         3
     $cover                          1
     $dff                           11
     $eq                             3
     $le                             1
     $logic_and                      5
     $logic_not                      1
     $mux                            7
     $ne                             4

2.14. Executing CHECK pass (checking for obvious problems).
Checking module ferryman...
Found and reported 0 problems.

3. Executing MEMORY_NORDFF pass (extracting $dff cells from memories).

4. Executing ASYNC2SYNC pass.

5. Executing OPT_CLEAN pass (remove unused cells and wires).
Finding unused cells or wires in module \ferryman..
Removed 5 unused cells and 3 unused wires.
<suppressed ~6 debug messages>

6. Executing SETUNDEF pass (replace undef values with defined constants).

7. Executing OPT pass (performing simple optimizations).

7.1. Executing OPT_EXPR pass (perform const folding).
Optimizing module ferryman.

7.2. Executing OPT_MERGE pass (detect identical cells).
Finding identical cells in module `\ferryman'.
Removed a total of 0 cells.

7.3. Executing OPT_DFF pass (perform DFF optimizations).
Adding EN signal on $procdff$65 ($dff) from module ferryman (D = $0\bank_m[0:0], Q = \bank_c).
Adding EN signal on $procdff$64 ($dff) from module ferryman (D = $0\bank_m[0:0], Q = \bank_g).
Adding EN signal on $procdff$63 ($dff) from module ferryman (D = $0\bank_m[0:0], Q = \bank_w).

7.4. Executing OPT_CLEAN pass (remove unused cells and wires).
Finding unused cells or wires in module \ferryman..
Removed 3 unused cells and 3 unused wires.
<suppressed ~4 debug messages>

7.5. Rerunning OPT passes. (Removed registers in this run.)

7.6. Executing OPT_EXPR pass (perform const folding).
Optimizing module ferryman.

7.7. Executing OPT_MERGE pass (detect identical cells).
Finding identical cells in module `\ferryman'.
Removed a total of 0 cells.

7.8. Executing OPT_DFF pass (perform DFF optimizations).

7.9. Executing OPT_CLEAN pass (remove unused cells and wires).
Finding unused cells or wires in module \ferryman..

7.10. Finished fast OPT passes.

8. Executing CHECK pass (checking for obvious problems).
Checking module ferryman...
Found and reported 0 problems.

9. Executing HIERARCHY pass (managing design hierarchy).

9.1. Analyzing design hierarchy..
Top module:  \ferryman

9.2. Analyzing design hierarchy..
Top module:  \ferryman
Removed 0 unused modules.
Module ferryman directly or indirectly contains formal properties -> setting "keep" attribute.

10. Executing RTLIL backend.
Output filename: ../model/design.il

End of script. Logfile hash: fabc3174fc, CPU: user 0.02s system 0.00s, MEM: 11.50 MB peak
Yosys 0.9+3981 (git sha1 0e0f8429, gcc 9.3.0-17ubuntu1~20.04 -fPIC -Os)
Time spent: 28% 8x opt_clean (0 sec), 24% 7x opt_expr (0 sec), ...
