
 /----------------------------------------------------------------------------\
 |                                                                            |
 |  yosys -- Yosys Open SYnthesis Suite                                       |
 |                                                                            |
 |  Copyright (C) 2012 - 2020  Claire Wolf <claire@symbioticeda.com>          |
 |                                                                            |
 |  Permission to use, copy, modify, and/or distribute this software for any  |
 |  purpose with or without fee is hereby granted, provided that the above    |
 |  copyright notice and this permission notice appear in all copies.         |
 |                                                                            |
 |  THE SOFTWARE IS PROVIDED "AS IS" AND THE AUTHOR DISCLAIMS ALL WARRANTIES  |
 |  WITH REGARD TO THIS SOFTWARE INCLUDING ALL IMPLIED WARRANTIES OF          |
 |  MERCHANTABILITY AND FITNESS. IN NO EVENT SHALL THE AUTHOR BE LIABLE FOR   |
 |  ANY SPECIAL, DIRECT, INDIRECT, OR CONSEQUENTIAL DAMAGES OR ANY DAMAGES    |
 |  WHATSOEVER RESULTING FROM LOSS OF USE, DATA OR PROFITS, WHETHER IN AN     |
 |  ACTION OF CONTRACT, NEGLIGENCE OR OTHER TORTIOUS ACTION, ARISING OUT OF   |
 |  OR IN CONNECTION WITH THE USE OR PERFORMANCE OF THIS SOFTWARE.            |
 |                                                                            |
 \----------------------------------------------------------------------------/

 Yosys 0.9+3981 (git sha1 0e0f8429, gcc 9.3.0-17ubuntu1~20.04 -fPIC -Os)


-- Executing script file `design_smt2.ys' --

1. Executing RTLIL frontend.
Input filename: design.il

2. Executing DFFUNMAP pass (unmap clock enable and synchronous reset from FFs).

3. Printing statistics.

=== ferryman ===

   Number of wires:                 40
   Number of wire bits:             43
   Number of public wires:           8
   Number of public wire bits:       8
   Number of memories:               0
   Number of memory bits:            0
   Number of processes:              0
   Number of cells:                 38
     $add                            2
     $and                            2
     $anyseq                         2
     $assert                         1
     $assume                         3
     $dff                            6
     $eq                             3
     $le                             4
     $logic_and                      3
     $logic_not                      1
     $mux                            7
     $ne                             4

4. Executing SMT2 backend.
Creating SMT-LIBv2 representation of module ferryman.

End of script. Logfile hash: 124cbf6c38, CPU: user 0.00s system 0.00s, MEM: 11.18 MB peak
Yosys 0.9+3981 (git sha1 0e0f8429, gcc 9.3.0-17ubuntu1~20.04 -fPIC -Os)
Time spent: 60% 2x write_smt2 (0 sec), 32% 2x read_ilang (0 sec), ...
